#
# There is insufficient memory for the Java Runtime Environment to continue.
# Native memory allocation (mmap) failed to map 26214400 bytes for Failed to commit area from 0x000000008be00000 to 0x000000008d700000 of length 26214400.
# Possible reasons:
#   The system is out of physical RAM or swap space
#   The process is running with CompressedOops enabled, and the Java Heap may be blocking the growth of the native heap
# Possible solutions:
#   Reduce memory load on the system
#   Increase physical memory or swap space
#   Check if swap backing store is full
#   Decrease Java heap size (-Xmx/-Xms)
#   Decrease number of Java threads
#   Decrease Java thread stack sizes (-Xss)
#   Set larger code cache with -XX:ReservedCodeCacheSize=
#   JVM is running with Unscaled Compressed Oops mode in which the Java heap is
#     placed in the first 4GB address space. The Java Heap base address is the
#     maximum limit for the native heap growth. Please use -XX:HeapBaseMinAddress
#     to set the Java Heap base and to place the Java Heap above 4GB virtual address.
# This output file may be truncated or incomplete.
#
#  Out of Memory Error (./src/hotspot/os/windows/os_windows.cpp:3386), pid=21044, tid=22644
#
# JRE version: OpenJDK Runtime Environment Microsoft-40648 (11.0.16.1+1) (build 11.0.16.1+1-LTS)
# Java VM: OpenJDK 64-Bit Server VM Microsoft-40648 (11.0.16.1+1-LTS, mixed mode, tiered, compressed oops, g1 gc, windows-amd64)
# No core dump will be written. Minidumps are not enabled by default on client versions of Windows
#

---------------  S U M M A R Y ------------

Command Line: org.jetbrains.kotlin.cli.jvm.K2JVMCompiler @D:\Sam\RN\eazyBook\node_modules\react-native-gesture-handler\android\build\20230220_4976862402107661799.compiler.options

Host: 11th Gen Intel(R) Core(TM) i5-1135G7 @ 2.40GHz, 8 cores, 7G,  Windows 11 , 64 bit Build 22000 (10.0.22000.1335)
Time: Mon Feb 20 12:53:36 2023 Égypte elapsed time: 4.707927 seconds (0d 0h 0m 4s)

---------------  T H R E A D  ---------------

Current thread (0x000001947e93f000):  VMThread "VM Thread" [stack: 0x000000272e100000,0x000000272e200000] [id=22644]

Stack: [0x000000272e100000,0x000000272e200000]
[error occurred during error reporting (printing stack bounds), id 0xc0000005, EXCEPTION_ACCESS_VIOLATION (0xc0000005) at pc=0x00000194681f12e7]

Native frames: (J=compiled Java code, j=interpreted, Vv=VM code, C=native code)
V  [jvm.dll+0x62652a]
V  [jvm.dll+0x7b3249]
V  [jvm.dll+0x7b4938]
V  [jvm.dll+0x7b4f75]
V  [jvm.dll+0x7b4f2b]
V  [jvm.dll+0x6258b7]
V  [jvm.dll+0x625fc8]
C  [ntdll.dll+0xa8b1f]
C  [ntdll.dll+0x35b9a]
C  [ntdll.dll+0xa7b2e]
C  0x00000194681f12e7

VM_Operation (0x000000272d6fbad0): G1CollectForAllocation, mode: safepoint, requested by thread 0x000001945faf7000


---------------  P R O C E S S  ---------------

Threads class SMR info:
_java_thread_list=0x000001947f3521d0, length=10, elements={
0x000001945faf7000, 0x000001947e944800, 0x000001947e945800, 0x000001947f1a7800,
0x000001947f1a9000, 0x000001947f1aa000, 0x000001947f1ad000, 0x000001947f1b0000,
0x000001947f1b4000, 0x000001947f3a2000
}

Java Threads: ( => current thread )
  0x000001945faf7000 JavaThread "main" [_thread_blocked, id=23952, stack(0x000000272d600000,0x000000272d700000)]
  0x000001947e944800 JavaThread "Reference Handler" daemon [_thread_blocked, id=26964, stack(0x000000272e200000,0x000000272e300000)]
  0x000001947e945800 JavaThread "Finalizer" daemon [_thread_blocked, id=23676, stack(0x000000272e300000,0x000000272e400000)]
  0x000001947f1a7800 JavaThread "Signal Dispatcher" daemon [_thread_blocked, id=17068, stack(0x000000272e400000,0x000000272e500000)]
  0x000001947f1a9000 JavaThread "Attach Listener" daemon [_thread_blocked, id=13488, stack(0x000000272e500000,0x000000272e600000)]
  0x000001947f1aa000 JavaThread "Service Thread" daemon [_thread_blocked, id=23480, stack(0x000000272e600000,0x000000272e700000)]
  0x000001947f1ad000 JavaThread "C2 CompilerThread0" daemon [_thread_blocked, id=23680, stack(0x000000272e700000,0x000000272e800000)]
  0x000001947f1b0000 JavaThread "C1 CompilerThread0" daemon [_thread_blocked, id=22388, stack(0x000000272e800000,0x000000272e900000)]
  0x000001947f1b4000 JavaThread "Sweeper thread" daemon [_thread_blocked, id=23996, stack(0x000000272e900000,0x000000272ea00000)]
  0x000001947f3a2000 JavaThread "Common-Cleaner" daemon [_thread_blocked, id=23512, stack(0x000000272eb00000,0x000000272ec00000)]

Other Threads:
=>0x000001947e93f000 VMThread "VM Thread" [stack: 0x000000272e100000,0x000000272e200000] [id=22644]
  0x000001947f358000 WatcherThread [stack: 0x000000272ea00000,0x000000272eb00000] [id=26820]
  0x000001945fb0f000 GCTaskThread "GC Thread#0" [stack: 0x000000272d700000,0x000000272d800000] [id=23348]
  0x000001947f518000 GCTaskThread "GC Thread#1" [stack: 0x000000272ec00000,0x000000272ed00000] [id=23516]
  0x000001945fb3f800 ConcurrentGCThread "G1 Main Marker" [stack: 0x000000272dd00000,0x000000272de00000] [id=23948]
  0x000001945fb41800 ConcurrentGCThread "G1 Conc#0" [stack: 0x000000272de00000,0x000000272df00000] [id=23344]
  0x0000019400a8a000 ConcurrentGCThread "G1 Conc#1" [stack: 0x000000272ed00000,0x000000272ee00000] [id=26804]
  0x000001947e793800 ConcurrentGCThread "G1 Refine#0" [stack: 0x000000272df00000,0x000000272e000000] [id=27000]
  0x000001947e796000 ConcurrentGCThread "G1 Young RemSet Sampling" [stack: 0x000000272e000000,0x000000272e100000] [id=23792]

Threads with active compile tasks:
C2 CompilerThread0     4719 2866       4       java.lang.ClassLoader::loadClass (7 bytes)
C1 CompilerThread0     4719 3011       3       org.jetbrains.kotlin.com.intellij.lang.impl.PsiBuilderImpl::processDone (96 bytes)

VM state:at safepoint (normal execution)

VM Mutex/Monitor currently owned by a thread:  ([mutex/lock_event])
[0x000001945faf4720] Threads_lock - owner thread: 0x000001947e93f000
[0x000001945faf4d10] Heap_lock - owner thread: 0x000001945faf7000

Heap address: 0x0000000084200000, size: 1982 MB, Compressed Oops mode: 32-bit
Narrow klass base: 0x0000000000000000, Narrow klass shift: 3
Compressed class space size: 1073741824 Address: 0x0000000100000000

Heap:
 garbage-first heap   total 152576K, used 23804K [0x0000000084200000, 0x0000000100000000)
  region size 1024K, 5 young (5120K), 5 survivors (5120K)
 Metaspace       used 43413K, capacity 43879K, committed 43984K, reserved 1087488K
  class space    used 5111K, capacity 5292K, committed 5372K, reserved 1048576K
Heap Regions: E=young(eden), S=young(survivor), O=old, HS=humongous(starts), HC=humongous(continues), CS=collection set, F=free, A=archive, TAMS=top-at-mark-start (previous, next)
|   0|0x0000000084200000, 0x0000000084300000, 0x0000000084300000|100%|HS|  |TAMS 0x0000000084300000, 0x0000000084200000| Complete 
|   1|0x0000000084300000, 0x0000000084400000, 0x0000000084400000|100%|HC|  |TAMS 0x0000000084400000, 0x0000000084300000| Complete 
|   2|0x0000000084400000, 0x0000000084500000, 0x0000000084500000|100%|HC|  |TAMS 0x0000000084500000, 0x0000000084400000| Complete 
|   3|0x0000000084500000, 0x0000000084600000, 0x0000000084600000|100%|HS|  |TAMS 0x0000000084600000, 0x0000000084500000| Complete 
|   4|0x0000000084600000, 0x0000000084700000, 0x0000000084700000|100%|HC|  |TAMS 0x0000000084700000, 0x0000000084600000| Complete 
|   5|0x0000000084700000, 0x0000000084800000, 0x0000000084800000|100%|HC|  |TAMS 0x0000000084800000, 0x0000000084700000| Complete 
|   6|0x0000000084800000, 0x0000000084900000, 0x0000000084900000|100%| O|  |TAMS 0x0000000084800000, 0x0000000084800000| Untracked 
|   7|0x0000000084900000, 0x0000000084a00000, 0x0000000084a00000|100%| O|  |TAMS 0x0000000084900000, 0x0000000084900000| Untracked 
|   8|0x0000000084a00000, 0x0000000084b00000, 0x0000000084b00000|100%| O|  |TAMS 0x0000000084b00000, 0x0000000084a00000| Untracked 
|   9|0x0000000084b00000, 0x0000000084c00000, 0x0000000084c00000|100%| O|  |TAMS 0x0000000084c00000, 0x0000000084b00000| Untracked 
|  10|0x0000000084c00000, 0x0000000084d00000, 0x0000000084d00000|100%| O|  |TAMS 0x0000000084d00000, 0x0000000084c00000| Untracked 
|  11|0x0000000084d00000, 0x0000000084e00000, 0x0000000084e00000|100%| O|  |TAMS 0x0000000084e00000, 0x0000000084d00000| Untracked 
|  12|0x0000000084e00000, 0x0000000084f00000, 0x0000000084f00000|100%| O|  |TAMS 0x0000000084f00000, 0x0000000084e00000| Untracked 
|  13|0x0000000084f00000, 0x0000000085000000, 0x0000000085000000|100%| O|  |TAMS 0x0000000085000000, 0x0000000084f00000| Untracked 
|  14|0x0000000085000000, 0x0000000085100000, 0x0000000085100000|100%| O|  |TAMS 0x0000000085100000, 0x0000000085000000| Untracked 
|  15|0x0000000085100000, 0x0000000085200000, 0x0000000085200000|100%| O|  |TAMS 0x0000000085181a00, 0x0000000085100000| Untracked 
|  16|0x0000000085200000, 0x0000000085300000, 0x0000000085300000|100%| O|  |TAMS 0x0000000085200000, 0x0000000085200000| Untracked 
|  17|0x0000000085300000, 0x0000000085400000, 0x0000000085400000|100%| O|  |TAMS 0x0000000085300000, 0x0000000085300000| Untracked 
|  18|0x0000000085400000, 0x000000008543f200, 0x0000000085500000| 24%| O|  |TAMS 0x0000000085400000, 0x0000000085400000| Untracked 
|  19|0x0000000085500000, 0x0000000085500000, 0x0000000085600000|  0%| F|  |TAMS 0x0000000085500000, 0x0000000085500000| Untracked 
|  20|0x0000000085600000, 0x0000000085600000, 0x0000000085700000|  0%| F|  |TAMS 0x0000000085600000, 0x0000000085600000| Untracked 
|  21|0x0000000085700000, 0x0000000085700000, 0x0000000085800000|  0%| F|  |TAMS 0x0000000085700000, 0x0000000085700000| Untracked 
|  22|0x0000000085800000, 0x0000000085800000, 0x0000000085900000|  0%| F|  |TAMS 0x0000000085800000, 0x0000000085800000| Untracked 
|  23|0x0000000085900000, 0x0000000085900000, 0x0000000085a00000|  0%| F|  |TAMS 0x0000000085900000, 0x0000000085900000| Untracked 
|  24|0x0000000085a00000, 0x0000000085a00000, 0x0000000085b00000|  0%| F|  |TAMS 0x0000000085a00000, 0x0000000085a00000| Untracked 
|  25|0x0000000085b00000, 0x0000000085b00000, 0x0000000085c00000|  0%| F|  |TAMS 0x0000000085b00000, 0x0000000085b00000| Untracked 
|  26|0x0000000085c00000, 0x0000000085c00000, 0x0000000085d00000|  0%| F|  |TAMS 0x0000000085c00000, 0x0000000085c00000| Untracked 
|  27|0x0000000085d00000, 0x0000000085d00000, 0x0000000085e00000|  0%| F|  |TAMS 0x0000000085d00000, 0x0000000085d00000| Untracked 
|  28|0x0000000085e00000, 0x0000000085e00000, 0x0000000085f00000|  0%| F|  |TAMS 0x0000000085e00000, 0x0000000085e00000| Untracked 
|  29|0x0000000085f00000, 0x0000000085f00000, 0x0000000086000000|  0%| F|  |TAMS 0x0000000085f00000, 0x0000000085f00000| Untracked 
|  30|0x0000000086000000, 0x0000000086000000, 0x0000000086100000|  0%| F|  |TAMS 0x0000000086000000, 0x0000000086000000| Untracked 
|  31|0x0000000086100000, 0x0000000086100000, 0x0000000086200000|  0%| F|  |TAMS 0x0000000086100000, 0x0000000086100000| Untracked 
|  32|0x0000000086200000, 0x0000000086200000, 0x0000000086300000|  0%| F|  |TAMS 0x0000000086200000, 0x0000000086200000| Untracked 
|  33|0x0000000086300000, 0x0000000086300000, 0x0000000086400000|  0%| F|  |TAMS 0x0000000086300000, 0x0000000086300000| Untracked 
|  34|0x0000000086400000, 0x0000000086400000, 0x0000000086500000|  0%| F|  |TAMS 0x0000000086400000, 0x0000000086400000| Untracked 
|  35|0x0000000086500000, 0x0000000086500000, 0x0000000086600000|  0%| F|  |TAMS 0x0000000086500000, 0x0000000086500000| Untracked 
|  36|0x0000000086600000, 0x0000000086600000, 0x0000000086700000|  0%| F|  |TAMS 0x0000000086600000, 0x0000000086600000| Untracked 
|  37|0x0000000086700000, 0x0000000086700000, 0x0000000086800000|  0%| F|  |TAMS 0x0000000086700000, 0x0000000086700000| Untracked 
|  38|0x0000000086800000, 0x0000000086800000, 0x0000000086900000|  0%| F|  |TAMS 0x0000000086800000, 0x0000000086800000| Untracked 
|  39|0x0000000086900000, 0x0000000086900000, 0x0000000086a00000|  0%| F|  |TAMS 0x0000000086900000, 0x0000000086900000| Untracked 
|  40|0x0000000086a00000, 0x0000000086a00000, 0x0000000086b00000|  0%| F|  |TAMS 0x0000000086a00000, 0x0000000086a00000| Untracked 
|  41|0x0000000086b00000, 0x0000000086b00000, 0x0000000086c00000|  0%| F|  |TAMS 0x0000000086b00000, 0x0000000086b00000| Untracked 
|  42|0x0000000086c00000, 0x0000000086c00000, 0x0000000086d00000|  0%| F|  |TAMS 0x0000000086c00000, 0x0000000086c00000| Untracked 
|  43|0x0000000086d00000, 0x0000000086d00000, 0x0000000086e00000|  0%| F|  |TAMS 0x0000000086d00000, 0x0000000086d00000| Untracked 
|  44|0x0000000086e00000, 0x0000000086e00000, 0x0000000086f00000|  0%| F|  |TAMS 0x0000000086e00000, 0x0000000086e00000| Untracked 
|  45|0x0000000086f00000, 0x0000000086f00000, 0x0000000087000000|  0%| F|  |TAMS 0x0000000086f00000, 0x0000000086f00000| Untracked 
|  46|0x0000000087000000, 0x0000000087000000, 0x0000000087100000|  0%| F|  |TAMS 0x0000000087000000, 0x0000000087000000| Untracked 
|  47|0x0000000087100000, 0x0000000087100000, 0x0000000087200000|  0%| F|  |TAMS 0x0000000087100000, 0x0000000087100000| Untracked 
|  48|0x0000000087200000, 0x0000000087200000, 0x0000000087300000|  0%| F|  |TAMS 0x0000000087200000, 0x0000000087200000| Untracked 
|  49|0x0000000087300000, 0x0000000087300000, 0x0000000087400000|  0%| F|  |TAMS 0x0000000087300000, 0x0000000087300000| Untracked 
|  50|0x0000000087400000, 0x0000000087400000, 0x0000000087500000|  0%| F|  |TAMS 0x0000000087400000, 0x0000000087400000| Untracked 
|  51|0x0000000087500000, 0x0000000087500000, 0x0000000087600000|  0%| F|  |TAMS 0x0000000087500000, 0x0000000087500000| Untracked 
|  52|0x0000000087600000, 0x0000000087600000, 0x0000000087700000|  0%| F|  |TAMS 0x0000000087600000, 0x0000000087600000| Untracked 
|  53|0x0000000087700000, 0x0000000087700000, 0x0000000087800000|  0%| F|  |TAMS 0x0000000087700000, 0x0000000087700000| Untracked 
|  54|0x0000000087800000, 0x0000000087800000, 0x0000000087900000|  0%| F|  |TAMS 0x0000000087800000, 0x0000000087800000| Untracked 
|  55|0x0000000087900000, 0x0000000087900000, 0x0000000087a00000|  0%| F|  |TAMS 0x0000000087900000, 0x0000000087900000| Untracked 
|  56|0x0000000087a00000, 0x0000000087a00000, 0x0000000087b00000|  0%| F|  |TAMS 0x0000000087a00000, 0x0000000087a00000| Untracked 
|  57|0x0000000087b00000, 0x0000000087b00000, 0x0000000087c00000|  0%| F|  |TAMS 0x0000000087b00000, 0x0000000087b00000| Untracked 
|  58|0x0000000087c00000, 0x0000000087c00000, 0x0000000087d00000|  0%| F|  |TAMS 0x0000000087c00000, 0x0000000087c00000| Untracked 
|  59|0x0000000087d00000, 0x0000000087d00000, 0x0000000087e00000|  0%| F|  |TAMS 0x0000000087d00000, 0x0000000087d00000| Untracked 
|  60|0x0000000087e00000, 0x0000000087e00000, 0x0000000087f00000|  0%| F|  |TAMS 0x0000000087e00000, 0x0000000087e00000| Untracked 
|  61|0x0000000087f00000, 0x0000000087f00000, 0x0000000088000000|  0%| F|  |TAMS 0x0000000087f00000, 0x0000000087f00000| Untracked 
|  62|0x0000000088000000, 0x0000000088000000, 0x0000000088100000|  0%| F|  |TAMS 0x0000000088000000, 0x0000000088000000| Untracked 
|  63|0x0000000088100000, 0x0000000088100000, 0x0000000088200000|  0%| F|  |TAMS 0x0000000088100000, 0x0000000088100000| Untracked 
|  64|0x0000000088200000, 0x0000000088200000, 0x0000000088300000|  0%| F|  |TAMS 0x0000000088200000, 0x0000000088200000| Untracked 
|  65|0x0000000088300000, 0x0000000088300000, 0x0000000088400000|  0%| F|  |TAMS 0x0000000088300000, 0x0000000088300000| Untracked 
|  66|0x0000000088400000, 0x0000000088400000, 0x0000000088500000|  0%| F|  |TAMS 0x0000000088400000, 0x0000000088400000| Untracked 
|  67|0x0000000088500000, 0x0000000088500000, 0x0000000088600000|  0%| F|  |TAMS 0x0000000088500000, 0x0000000088500000| Untracked 
|  68|0x0000000088600000, 0x0000000088600000, 0x0000000088700000|  0%| F|  |TAMS 0x0000000088600000, 0x0000000088600000| Untracked 
|  69|0x0000000088700000, 0x0000000088700000, 0x0000000088800000|  0%| F|  |TAMS 0x0000000088700000, 0x0000000088700000| Untracked 
|  70|0x0000000088800000, 0x0000000088800000, 0x0000000088900000|  0%| F|  |TAMS 0x0000000088800000, 0x0000000088800000| Untracked 
|  71|0x0000000088900000, 0x0000000088900000, 0x0000000088a00000|  0%| F|  |TAMS 0x0000000088900000, 0x0000000088900000| Untracked 
|  72|0x0000000088a00000, 0x0000000088a00000, 0x0000000088b00000|  0%| F|  |TAMS 0x0000000088a00000, 0x0000000088a00000| Untracked 
|  73|0x0000000088b00000, 0x0000000088b00000, 0x0000000088c00000|  0%| F|  |TAMS 0x0000000088b00000, 0x0000000088b00000| Untracked 
|  74|0x0000000088c00000, 0x0000000088c00000, 0x0000000088d00000|  0%| F|  |TAMS 0x0000000088c00000, 0x0000000088c00000| Untracked 
|  75|0x0000000088d00000, 0x0000000088e00000, 0x0000000088e00000|100%| S|CS|TAMS 0x0000000088d00000, 0x0000000088d00000| Complete 
|  76|0x0000000088e00000, 0x0000000088f00000, 0x0000000088f00000|100%| S|CS|TAMS 0x0000000088e00000, 0x0000000088e00000| Complete 
|  77|0x0000000088f00000, 0x0000000089000000, 0x0000000089000000|100%| S|CS|TAMS 0x0000000088f00000, 0x0000000088f00000| Complete 
|  78|0x0000000089000000, 0x0000000089100000, 0x0000000089100000|100%| S|CS|TAMS 0x0000000089000000, 0x0000000089000000| Complete 
|  79|0x0000000089100000, 0x0000000089200000, 0x0000000089200000|100%| S|CS|TAMS 0x0000000089100000, 0x0000000089100000| Complete 
|  80|0x0000000089200000, 0x0000000089200000, 0x0000000089300000|  0%| F|  |TAMS 0x0000000089200000, 0x0000000089200000| Untracked 
|  81|0x0000000089300000, 0x0000000089300000, 0x0000000089400000|  0%| F|  |TAMS 0x0000000089300000, 0x0000000089300000| Untracked 
|  82|0x0000000089400000, 0x0000000089400000, 0x0000000089500000|  0%| F|  |TAMS 0x0000000089400000, 0x0000000089400000| Untracked 
|  83|0x0000000089500000, 0x0000000089500000, 0x0000000089600000|  0%| F|  |TAMS 0x0000000089500000, 0x0000000089500000| Untracked 
|  84|0x0000000089600000, 0x0000000089600000, 0x0000000089700000|  0%| F|  |TAMS 0x0000000089600000, 0x0000000089600000| Untracked 
|  85|0x0000000089700000, 0x0000000089700000, 0x0000000089800000|  0%| F|  |TAMS 0x0000000089700000, 0x0000000089700000| Untracked 
|  86|0x0000000089800000, 0x0000000089800000, 0x0000000089900000|  0%| F|  |TAMS 0x0000000089800000, 0x0000000089800000| Untracked 
|  87|0x0000000089900000, 0x0000000089900000, 0x0000000089a00000|  0%| F|  |TAMS 0x0000000089900000, 0x0000000089900000| Untracked 
|  88|0x0000000089a00000, 0x0000000089a00000, 0x0000000089b00000|  0%| F|  |TAMS 0x0000000089a00000, 0x0000000089a00000| Untracked 
|  89|0x0000000089b00000, 0x0000000089b00000, 0x0000000089c00000|  0%| F|  |TAMS 0x0000000089b00000, 0x0000000089b00000| Untracked 
|  90|0x0000000089c00000, 0x0000000089c00000, 0x0000000089d00000|  0%| F|  |TAMS 0x0000000089c00000, 0x0000000089c00000| Untracked 
|  91|0x0000000089d00000, 0x0000000089d00000, 0x0000000089e00000|  0%| F|  |TAMS 0x0000000089d00000, 0x0000000089d00000| Untracked 
|  92|0x0000000089e00000, 0x0000000089e00000, 0x0000000089f00000|  0%| F|  |TAMS 0x0000000089e00000, 0x0000000089e00000| Untracked 
|  93|0x0000000089f00000, 0x0000000089f00000, 0x000000008a000000|  0%| F|  |TAMS 0x0000000089f00000, 0x0000000089f00000| Untracked 
|  94|0x000000008a000000, 0x000000008a000000, 0x000000008a100000|  0%| F|  |TAMS 0x000000008a000000, 0x000000008a000000| Untracked 
|  95|0x000000008a100000, 0x000000008a100000, 0x000000008a200000|  0%| F|  |TAMS 0x000000008a100000, 0x000000008a100000| Untracked 
|  96|0x000000008a200000, 0x000000008a200000, 0x000000008a300000|  0%| F|  |TAMS 0x000000008a200000, 0x000000008a200000| Untracked 
|  97|0x000000008a300000, 0x000000008a300000, 0x000000008a400000|  0%| F|  |TAMS 0x000000008a300000, 0x000000008a300000| Untracked 
|  98|0x000000008a400000, 0x000000008a400000, 0x000000008a500000|  0%| F|  |TAMS 0x000000008a400000, 0x000000008a400000| Untracked 
|  99|0x000000008a500000, 0x000000008a500000, 0x000000008a600000|  0%| F|  |TAMS 0x000000008a500000, 0x000000008a500000| Untracked 
| 100|0x000000008a600000, 0x000000008a600000, 0x000000008a700000|  0%| F|  |TAMS 0x000000008a600000, 0x000000008a600000| Untracked 
| 101|0x000000008a700000, 0x000000008a700000, 0x000000008a800000|  0%| F|  |TAMS 0x000000008a700000, 0x000000008a700000| Untracked 
| 102|0x000000008a800000, 0x000000008a800000, 0x000000008a900000|  0%| F|  |TAMS 0x000000008a800000, 0x000000008a800000| Untracked 
| 103|0x000000008a900000, 0x000000008a900000, 0x000000008aa00000|  0%| F|  |TAMS 0x000000008a900000, 0x000000008a900000| Untracked 
| 104|0x000000008aa00000, 0x000000008aa00000, 0x000000008ab00000|  0%| F|  |TAMS 0x000000008aa00000, 0x000000008aa00000| Untracked 
| 105|0x000000008ab00000, 0x000000008ab00000, 0x000000008ac00000|  0%| F|  |TAMS 0x000000008ab00000, 0x000000008ab00000| Untracked 
| 106|0x000000008ac00000, 0x000000008ac00000, 0x000000008ad00000|  0%| F|  |TAMS 0x000000008ac00000, 0x000000008ac00000| Untracked 
| 107|0x000000008ad00000, 0x000000008ad00000, 0x000000008ae00000|  0%| F|  |TAMS 0x000000008ad00000, 0x000000008ad00000| Untracked 
| 108|0x000000008ae00000, 0x000000008ae00000, 0x000000008af00000|  0%| F|  |TAMS 0x000000008ae00000, 0x000000008ae00000| Untracked 
| 109|0x000000008af00000, 0x000000008af00000, 0x000000008b000000|  0%| F|  |TAMS 0x000000008af00000, 0x000000008af00000| Untracked 
| 110|0x000000008b000000, 0x000000008b000000, 0x000000008b100000|  0%| F|  |TAMS 0x000000008b000000, 0x000000008b000000| Untracked 
| 111|0x000000008b100000, 0x000000008b100000, 0x000000008b200000|  0%| F|  |TAMS 0x000000008b100000, 0x000000008b100000| Untracked 
| 112|0x000000008b200000, 0x000000008b200000, 0x000000008b300000|  0%| F|  |TAMS 0x000000008b200000, 0x000000008b200000| Untracked 
| 113|0x000000008b300000, 0x000000008b300000, 0x000000008b400000|  0%| F|  |TAMS 0x000000008b300000, 0x000000008b300000| Untracked 
| 114|0x000000008b400000, 0x000000008b400000, 0x000000008b500000|  0%| F|  |TAMS 0x000000008b400000, 0x000000008b400000| Untracked 
| 115|0x000000008b500000, 0x000000008b500000, 0x000000008b600000|  0%| F|  |TAMS 0x000000008b500000, 0x000000008b500000| Untracked 
| 116|0x000000008b600000, 0x000000008b600000, 0x000000008b700000|  0%| F|  |TAMS 0x000000008b600000, 0x000000008b600000| Untracked 
| 117|0x000000008b700000, 0x000000008b700000, 0x000000008b800000|  0%| F|  |TAMS 0x000000008b700000, 0x000000008b700000| Untracked 
| 118|0x000000008b800000, 0x000000008b800000, 0x000000008b900000|  0%| F|  |TAMS 0x000000008b800000, 0x000000008b800000| Untracked 
| 119|0x000000008b900000, 0x000000008b900000, 0x000000008ba00000|  0%| F|  |TAMS 0x000000008b900000, 0x000000008b900000| Untracked 
| 120|0x000000008ba00000, 0x000000008ba00000, 0x000000008bb00000|  0%| F|  |TAMS 0x000000008ba00000, 0x000000008ba00000| Untracked 
| 121|0x000000008bb00000, 0x000000008bb00000, 0x000000008bc00000|  0%| F|  |TAMS 0x000000008bb00000, 0x000000008bb00000| Untracked 
| 122|0x000000008bc00000, 0x000000008bc00000, 0x000000008bd00000|  0%| F|  |TAMS 0x000000008bc00000, 0x000000008bc00000| Untracked 
| 123|0x000000008bd00000, 0x000000008bd00000, 0x000000008be00000|  0%| F|  |TAMS 0x000000008bd00000, 0x000000008bd00000| Untracked 

Card table byte_map: [0x0000019477900000,0x0000019477ce0000] _byte_map_base: 0x00000194774df000

Marking Bits (Prev, Next): (CMBitMap*) 0x000001945fb36b68, (CMBitMap*) 0x000001945fb36ba0
 Prev Bits: [0x00000194780c0000, 0x0000019479fb8000)
 Next Bits: [0x0000019479fc0000, 0x000001947beb8000)

Polling page: 0x000001945d380000

Metaspace:

Usage:
  Non-class:     37.68 MB capacity,    37.40 MB (>99%) used,   223.02 KB ( <1%) free+waste,    61.63 KB ( <1%) overhead. 
      Class:      5.17 MB capacity,     4.99 MB ( 97%) used,   153.77 KB (  3%) free+waste,    27.06 KB ( <1%) overhead. 
       Both:     42.85 MB capacity,    42.40 MB ( 99%) used,   376.79 KB ( <1%) free+waste,    88.69 KB ( <1%) overhead. 

Virtual space:
  Non-class space:       38.00 MB reserved,      37.71 MB (>99%) committed 
      Class space:        1.00 GB reserved,       5.25 MB ( <1%) committed 
             Both:        1.04 GB reserved,      42.95 MB (  4%) committed 

Chunk freelists:
   Non-Class:  25.00 KB
       Class:  20.00 KB
        Both:  45.00 KB

MaxMetaspaceSize: 17179869184.00 GB
CompressedClassSpaceSize: 1.00 GB
Initial GC threshold: 20.80 MB
Current GC threshold: 59.09 MB
CDS: off

CodeHeap 'non-profiled nmethods': size=120000Kb used=1143Kb max_used=1143Kb free=118856Kb
 bounds [0x000001946fcc0000, 0x000001946ff30000, 0x00000194771f0000]
CodeHeap 'profiled nmethods': size=120000Kb used=5937Kb max_used=5937Kb free=114062Kb
 bounds [0x0000019468790000, 0x0000019468d60000, 0x000001946fcc0000]
CodeHeap 'non-nmethods': size=5760Kb used=1267Kb max_used=1298Kb free=4492Kb
 bounds [0x00000194681f0000, 0x0000019468460000, 0x0000019468790000]
 total_blobs=3534 nmethods=2992 adapters=454
 compilation: enabled
              stopped_count=0, restarted_count=0
 full_count=0

Compilation events (20 events):
Event: 4.684 Thread 0x000001947f1b0000 nmethod 3021 0x0000019468d53a90 code [0x0000019468d53d40, 0x0000019468d54b08]
Event: 4.684 Thread 0x000001947f1b0000 3022       3       org.jetbrains.kotlin.parsing.AbstractKotlinParsing::_atSet (59 bytes)
Event: 4.684 Thread 0x000001947f1b0000 nmethod 3022 0x0000019468d54e90 code [0x0000019468d550c0, 0x0000019468d55788]
Event: 4.684 Thread 0x000001947f1b0000 3003       3       org.jetbrains.kotlin.com.intellij.lang.impl.PsiBuilderAdapter::rawLookup (11 bytes)
Event: 4.685 Thread 0x000001947f1b0000 nmethod 3003 0x0000019468d55a10 code [0x0000019468d55bc0, 0x0000019468d55d88]
Event: 4.685 Thread 0x000001947f1b0000 3004       3       org.jetbrains.kotlin.parsing.AbstractKotlinParsing::advance (10 bytes)
Event: 4.685 Thread 0x000001947f1b0000 nmethod 3004 0x0000019468d55e90 code [0x0000019468d56040, 0x0000019468d56208]
Event: 4.685 Thread 0x000001947f1b0000 3005       3       org.jetbrains.kotlin.parsing.SemanticWhitespaceAwarePsiBuilderImpl::advanceLexer (56 bytes)
Event: 4.686 Thread 0x000001947f1b0000 nmethod 3005 0x0000019468d56310 code [0x0000019468d56700, 0x0000019468d58418]
Event: 4.686 Thread 0x000001947f1b0000 3019       3       org.jetbrains.kotlin.com.intellij.lang.impl.PsiBuilderImpl::getCurrentOffset (27 bytes)
Event: 4.686 Thread 0x000001947f1b0000 nmethod 3019 0x0000019468d58d90 code [0x0000019468d58f80, 0x0000019468d593e8]
Event: 4.686 Thread 0x000001947f1b0000 2999       3       org.jetbrains.kotlin.it.unimi.dsi.fastutil.ints.IntArrayList::add (88 bytes)
Event: 4.687 Thread 0x000001947f1b0000 nmethod 2999 0x0000019468d59590 code [0x0000019468d59780, 0x0000019468d59ae8]
Event: 4.687 Thread 0x000001947f1b0000 3000       3       org.jetbrains.kotlin.it.unimi.dsi.fastutil.ints.AbstractIntList::ensureIndex (89 bytes)
Event: 4.688 Thread 0x000001947f1b0000 nmethod 3000 0x0000019468d59c10 code [0x0000019468d59fc0, 0x0000019468d5b3d8]
Event: 4.688 Thread 0x000001947f1b0000 3009       3       org.jetbrains.kotlin.com.intellij.lang.impl.PsiBuilderImpl$StartMarker::done (46 bytes)
Event: 4.688 Thread 0x000001947f1b0000 nmethod 3009 0x0000019468d5ba90 code [0x0000019468d5bca0, 0x0000019468d5c0d8]
Event: 4.688 Thread 0x000001947f1b0000 3010       3       org.jetbrains.kotlin.com.intellij.lang.impl.PsiBuilderImpl::access$900 (8 bytes)
Event: 4.688 Thread 0x000001947f1b0000 nmethod 3010 0x0000019468d5c290 code [0x0000019468d5c440, 0x0000019468d5c548]
Event: 4.688 Thread 0x000001947f1b0000 3011       3       org.jetbrains.kotlin.com.intellij.lang.impl.PsiBuilderImpl::processDone (96 bytes)

GC Heap History (9 events):
Event: 0.959 GC heap before
{Heap before GC invocations=0 (full 0):
 garbage-first heap   total 126976K, used 27648K [0x0000000084200000, 0x0000000100000000)
  region size 1024K, 24 young (24576K), 0 survivors (0K)
 Metaspace       used 12393K, capacity 12504K, committed 12800K, reserved 1060864K
  class space    used 1150K, capacity 1207K, committed 1280K, reserved 1048576K
}
Event: 0.971 GC heap after
{Heap after GC invocations=1 (full 0):
 garbage-first heap   total 126976K, used 5807K [0x0000000084200000, 0x0000000100000000)
  region size 1024K, 3 young (3072K), 3 survivors (3072K)
 Metaspace       used 12393K, capacity 12504K, committed 12800K, reserved 1060864K
  class space    used 1150K, capacity 1207K, committed 1280K, reserved 1048576K
}
Event: 2.100 GC heap before
{Heap before GC invocations=1 (full 0):
 garbage-first heap   total 126976K, used 41647K [0x0000000084200000, 0x0000000100000000)
  region size 1024K, 39 young (39936K), 3 survivors (3072K)
 Metaspace       used 20998K, capacity 21179K, committed 21248K, reserved 1069056K
  class space    used 2211K, capacity 2280K, committed 2304K, reserved 1048576K
}
Event: 2.115 GC heap after
{Heap after GC invocations=2 (full 0):
 garbage-first heap   total 126976K, used 9578K [0x0000000084200000, 0x0000000100000000)
  region size 1024K, 7 young (7168K), 7 survivors (7168K)
 Metaspace       used 20998K, capacity 21179K, committed 21248K, reserved 1069056K
  class space    used 2211K, capacity 2280K, committed 2304K, reserved 1048576K
}
Event: 3.438 GC heap before
{Heap before GC invocations=3 (full 0):
 garbage-first heap   total 126976K, used 62826K [0x0000000084200000, 0x0000000100000000)
  region size 1024K, 54 young (55296K), 7 survivors (7168K)
 Metaspace       used 32122K, capacity 32574K, committed 32892K, reserved 1077248K
  class space    used 3970K, capacity 4150K, committed 4220K, reserved 1048576K
}
Event: 3.463 GC heap after
{Heap after GC invocations=4 (full 0):
 garbage-first heap   total 126976K, used 20372K [0x0000000084200000, 0x0000000100000000)
  region size 1024K, 7 young (7168K), 7 survivors (7168K)
 Metaspace       used 32122K, capacity 32574K, committed 32892K, reserved 1077248K
  class space    used 3970K, capacity 4150K, committed 4220K, reserved 1048576K
}
Event: 3.758 GC heap before
{Heap before GC invocations=4 (full 0):
 garbage-first heap   total 126976K, used 35732K [0x0000000084200000, 0x0000000100000000)
  region size 1024K, 23 young (23552K), 7 survivors (7168K)
 Metaspace       used 35457K, capacity 35913K, committed 36048K, reserved 1081344K
  class space    used 4343K, capacity 4538K, committed 4604K, reserved 1048576K
}
Event: 3.773 GC heap after
{Heap after GC invocations=5 (full 0):
 garbage-first heap   total 126976K, used 20486K [0x0000000084200000, 0x0000000100000000)
  region size 1024K, 7 young (7168K), 7 survivors (7168K)
 Metaspace       used 35457K, capacity 35913K, committed 36048K, reserved 1081344K
  class space    used 4343K, capacity 4538K, committed 4604K, reserved 1048576K
}
Event: 4.688 GC heap before
{Heap before GC invocations=6 (full 0):
 garbage-first heap   total 126976K, used 58374K [0x0000000084200000, 0x0000000100000000)
  region size 1024K, 44 young (45056K), 7 survivors (7168K)
 Metaspace       used 43413K, capacity 43879K, committed 43984K, reserved 1087488K
  class space    used 5111K, capacity 5292K, committed 5372K, reserved 1048576K
}

Deoptimization events (20 events):
Event: 4.559 Thread 0x000001945faf7000 Uncommon trap: trap_request=0xffffffcc fr.pc=0x000001946fdd58f8 relative=0x00000000000002b8
Event: 4.559 Thread 0x000001945faf7000 Uncommon trap: reason=intrinsic_or_type_checked_inlining action=make_not_entrant pc=0x000001946fdd58f8 method=java.util.Arrays.copyOf([Ljava/lang/Object;ILjava/lang/Class;)[Ljava/lang/Object; @ 35 c2
Event: 4.559 Thread 0x000001945faf7000 DEOPT PACKING pc=0x000001946fdd58f8 sp=0x000000272d6fcc10
Event: 4.559 Thread 0x000001945faf7000 DEOPT UNPACKING pc=0x00000194681f85af sp=0x000000272d6fcba0 mode 2
Event: 4.588 Thread 0x000001945faf7000 Uncommon trap: trap_request=0xffffffde fr.pc=0x000001946fd8df60 relative=0x0000000000000120
Event: 4.588 Thread 0x000001945faf7000 Uncommon trap: reason=class_check action=maybe_recompile pc=0x000001946fd8df60 method=org.jetbrains.kotlin.com.intellij.openapi.util.text.StringUtil.getLineBreakCount(Ljava/lang/CharSequence;)I @ 15 c2
Event: 4.588 Thread 0x000001945faf7000 DEOPT PACKING pc=0x000001946fd8df60 sp=0x000000272d6fd660
Event: 4.588 Thread 0x000001945faf7000 DEOPT UNPACKING pc=0x00000194681f85af sp=0x000000272d6fd5f0 mode 2
Event: 4.588 Thread 0x000001945faf7000 Uncommon trap: trap_request=0xffffffde fr.pc=0x000001946fd8df60 relative=0x0000000000000120
Event: 4.588 Thread 0x000001945faf7000 Uncommon trap: reason=class_check action=maybe_recompile pc=0x000001946fd8df60 method=org.jetbrains.kotlin.com.intellij.openapi.util.text.StringUtil.getLineBreakCount(Ljava/lang/CharSequence;)I @ 15 c2
Event: 4.588 Thread 0x000001945faf7000 DEOPT PACKING pc=0x000001946fd8df60 sp=0x000000272d6fd660
Event: 4.588 Thread 0x000001945faf7000 DEOPT UNPACKING pc=0x00000194681f85af sp=0x000000272d6fd5f0 mode 2
Event: 4.588 Thread 0x000001945faf7000 Uncommon trap: trap_request=0xffffffde fr.pc=0x000001946fd8df60 relative=0x0000000000000120
Event: 4.588 Thread 0x000001945faf7000 Uncommon trap: reason=class_check action=maybe_recompile pc=0x000001946fd8df60 method=org.jetbrains.kotlin.com.intellij.openapi.util.text.StringUtil.getLineBreakCount(Ljava/lang/CharSequence;)I @ 15 c2
Event: 4.588 Thread 0x000001945faf7000 DEOPT PACKING pc=0x000001946fd8df60 sp=0x000000272d6fd660
Event: 4.588 Thread 0x000001945faf7000 DEOPT UNPACKING pc=0x00000194681f85af sp=0x000000272d6fd5f0 mode 2
Event: 4.635 Thread 0x000001945faf7000 Uncommon trap: trap_request=0xffffffde fr.pc=0x000001946fd8df60 relative=0x0000000000000120
Event: 4.635 Thread 0x000001945faf7000 Uncommon trap: reason=class_check action=maybe_recompile pc=0x000001946fd8df60 method=org.jetbrains.kotlin.com.intellij.openapi.util.text.StringUtil.getLineBreakCount(Ljava/lang/CharSequence;)I @ 15 c2
Event: 4.635 Thread 0x000001945faf7000 DEOPT PACKING pc=0x000001946fd8df60 sp=0x000000272d6fc700
Event: 4.635 Thread 0x000001945faf7000 DEOPT UNPACKING pc=0x00000194681f85af sp=0x000000272d6fc690 mode 2

Classes redefined (0 events):
No events

Internal exceptions (20 events):
Event: 2.180 Thread 0x000001945faf7000 Exception <a 'java/lang/NoSuchMethodError'{0x000000008ba18fb8}: 'int java.lang.invoke.DirectMethodHandle$Holder.invokeStaticInit(java.lang.Object, java.lang.Object, java.lang.Object)'> (0x000000008ba18fb8) thrown at [./src/hotspot/share/interpreter/linkResolver.cpp, line 773]
Event: 2.185 Thread 0x000001945faf7000 Exception <a 'java/lang/NoSuchMethodError'{0x000000008ba44838}: 'int java.lang.invoke.DirectMethodHandle$Holder.invokeStaticInit(java.lang.Object, java.lang.Object)'> (0x000000008ba44838) thrown at [./src/hotspot/share/interpreter/linkResolver.cpp, line 773]
Event: 2.254 Thread 0x000001945faf7000 Exception <a 'java/lang/NoSuchMethodError'{0x000000008b858db8}: 'void java.lang.invoke.DirectMethodHandle$Holder.invokeSpecial(java.lang.Object, java.lang.Object)'> (0x000000008b858db8) thrown at [./src/hotspot/share/interpreter/linkResolver.cpp, line 773]
Event: 2.528 Thread 0x000001945faf7000 Exception <a 'java/lang/NoSuchMethodError'{0x000000008b0471b8}: 'java.lang.Object java.lang.invoke.DirectMethodHandle$Holder.invokeStatic(java.lang.Object, java.lang.Object, java.lang.Object, java.lang.Object, java.lang.Object, java.lang.Object, java.lang.Object, java.lang.Object, java.lang.Object, java.lang.Object, java.lang.Object, java.lang.Object, java.lang.Object, java.lang.Object, java.lang.Object)'> (0x000000008b0471b8) thrown at [./src/hotspot/share/interpreter/linkResolver.cpp, line 773]
Event: 2.530 Thread 0x000001945faf7000 Exception <a 'java/lang/NoSuchMethodError'{0x000000008b0551c0}: 'java.lang.Object java.lang.invoke.DirectMethodHandle$Holder.invokeStatic(java.lang.Object, java.lang.Object, java.lang.Object, java.lang.Object, java.lang.Object, java.lang.Object, java.lang.Object, java.lang.Object, java.lang.Object, java.lang.Object, java.lang.Object, java.lang.Object, java.lang.Object, java.lang.Object, java.lang.Object, java.lang.Object)'> (0x000000008b0551c0) thrown at [./src/hotspot/share/interpreter/linkResolver.cpp, l
Event: 2.532 Thread 0x000001945faf7000 Exception <a 'java/lang/NoSuchMethodError'{0x000000008b0630d8}: 'java.lang.Object java.lang.invoke.DirectMethodHandle$Holder.invokeSpecial(java.lang.Object, java.lang.Object, int, int, java.lang.Object, java.lang.Object, java.lang.Object)'> (0x000000008b0630d8) thrown at [./src/hotspot/share/interpreter/linkResolver.cpp, line 773]
Event: 2.532 Thread 0x000001945faf7000 Exception <a 'java/lang/NoSuchMethodError'{0x000000008b066910}: 'java.lang.Object java.lang.invoke.DelegatingMethodHandle$Holder.reinvoke_L(java.lang.Object, int, int, java.lang.Object, java.lang.Object, java.lang.Object)'> (0x000000008b066910) thrown at [./src/hotspot/share/interpreter/linkResolver.cpp, line 773]
Event: 2.533 Thread 0x000001945faf7000 Exception <a 'java/lang/NoSuchMethodError'{0x000000008b06ac98}: 'java.lang.Object java.lang.invoke.DirectMethodHandle$Holder.invokeStatic(java.lang.Object, java.lang.Object, java.lang.Object, java.lang.Object, int)'> (0x000000008b06ac98) thrown at [./src/hotspot/share/interpreter/linkResolver.cpp, line 773]
Event: 2.586 Thread 0x000001945faf7000 Exception <a 'sun/nio/fs/WindowsException'{0x000000008afacd78}> (0x000000008afacd78) thrown at [./src/hotspot/share/prims/jni.cpp, line 617]
Event: 2.586 Thread 0x000001945faf7000 Exception <a 'sun/nio/fs/WindowsException'{0x000000008afad5f0}> (0x000000008afad5f0) thrown at [./src/hotspot/share/prims/jni.cpp, line 617]
Event: 2.586 Thread 0x000001945faf7000 Exception <a 'sun/nio/fs/WindowsException'{0x000000008afade78}> (0x000000008afade78) thrown at [./src/hotspot/share/prims/jni.cpp, line 617]
Event: 2.586 Thread 0x000001945faf7000 Exception <a 'sun/nio/fs/WindowsException'{0x000000008afae860}> (0x000000008afae860) thrown at [./src/hotspot/share/prims/jni.cpp, line 617]
Event: 2.586 Thread 0x000001945faf7000 Exception <a 'sun/nio/fs/WindowsException'{0x000000008afaf148}> (0x000000008afaf148) thrown at [./src/hotspot/share/prims/jni.cpp, line 617]
Event: 2.586 Thread 0x000001945faf7000 Exception <a 'sun/nio/fs/WindowsException'{0x000000008afafa60}> (0x000000008afafa60) thrown at [./src/hotspot/share/prims/jni.cpp, line 617]
Event: 2.589 Thread 0x000001945faf7000 Exception <a 'java/lang/NoSuchMethodError'{0x000000008afb61d0}: 'void java.lang.invoke.DirectMethodHandle$Holder.invokeStatic(java.lang.Object, java.lang.Object, java.lang.Object, java.lang.Object)'> (0x000000008afb61d0) thrown at [./src/hotspot/share/interpreter/linkResolver.cpp, line 773]
Event: 2.690 Thread 0x000001945faf7000 Exception <a 'java/lang/NoSuchMethodError'{0x000000008ab957d0}: 'void java.lang.invoke.DirectMethodHandle$Holder.invokeStaticInit(java.lang.Object, java.lang.Object)'> (0x000000008ab957d0) thrown at [./src/hotspot/share/interpreter/linkResolver.cpp, line 773]
Event: 2.812 Thread 0x000001945faf7000 Exception <a 'java/lang/NoSuchMethodError'{0x000000008a7b0f78}: 'void java.lang.invoke.DirectMethodHandle$Holder.invokeVirtual(java.lang.Object, java.lang.Object)'> (0x000000008a7b0f78) thrown at [./src/hotspot/share/interpreter/linkResolver.cpp, line 773]
Event: 2.822 Thread 0x000001945faf7000 Exception <a 'java/lang/NoSuchMethodError'{0x000000008a62f498}: 'int java.lang.invoke.DirectMethodHandle$Holder.invokeVirtual(java.lang.Object, java.lang.Object)'> (0x000000008a62f498) thrown at [./src/hotspot/share/interpreter/linkResolver.cpp, line 773]
Event: 3.694 Thread 0x000001945faf7000 Exception <a 'java/lang/NoSuchMethodError'{0x000000008b256db0}: 'java.lang.Object java.lang.invoke.DirectMethodHandle$Holder.invokeVirtual(java.lang.Object, java.lang.Object, java.lang.Object)'> (0x000000008b256db0) thrown at [./src/hotspot/share/interpreter/linkResolver.cpp, line 773]
Event: 4.580 Thread 0x000001945faf7000 Exception <a 'java/lang/NoSuchMethodError'{0x0000000089303960}: 'java.lang.Object java.lang.invoke.Invokers$Holder.linkToTargetMethod(java.lang.Object, int, java.lang.Object)'> (0x0000000089303960) thrown at [./src/hotspot/share/interpreter/linkResolver.cpp, line 773]

Events (20 events):
Event: 4.620 loading class org/jetbrains/kotlin/com/intellij/psi/util/PsiTreeUtil$3 done
Event: 4.622 loading class org/jetbrains/kotlin/psi/psiUtil/KtPsiUtilKt
Event: 4.622 loading class org/jetbrains/kotlin/psi/psiUtil/KtPsiUtilKt done
Event: 4.627 loading class org/jetbrains/kotlin/incremental/KotlinLookupLocation$cachedLocation$2
Event: 4.627 loading class org/jetbrains/kotlin/incremental/KotlinLookupLocation$cachedLocation$2 done
Event: 4.628 loading class org/jetbrains/kotlin/com/google/common/collect/LinkedHashMultimap$ValueSet
Event: 4.628 loading class org/jetbrains/kotlin/com/google/common/collect/LinkedHashMultimap$ValueSet done
Event: 4.629 loading class org/jetbrains/kotlin/com/google/common/collect/Sets$ImprovedAbstractSet
Event: 4.629 loading class org/jetbrains/kotlin/com/google/common/collect/Sets$ImprovedAbstractSet done
Event: 4.633 loading class org/jetbrains/kotlin/it/unimi/dsi/fastutil/ints/IntArrays
Event: 4.633 loading class org/jetbrains/kotlin/it/unimi/dsi/fastutil/ints/IntArrays done
Event: 4.634 loading class org/jetbrains/kotlin/it/unimi/dsi/fastutil/ints/IntArrays$Segment
Event: 4.634 loading class org/jetbrains/kotlin/it/unimi/dsi/fastutil/ints/IntArrays$Segment done
Event: 4.634 loading class org/jetbrains/kotlin/it/unimi/dsi/fastutil/ints/IntArrays$ArrayHashStrategy
Event: 4.634 loading class org/jetbrains/kotlin/it/unimi/dsi/fastutil/ints/IntArrays$ArrayHashStrategy done
Event: 4.669 loading class org/jetbrains/kotlin/lexer/_JetLexer$State
Event: 4.669 loading class org/jetbrains/kotlin/lexer/_JetLexer$State done
Event: 4.679 loading class org/jetbrains/kotlin/parsing/KotlinParsing$PropertyComponentKind
Event: 4.679 loading class org/jetbrains/kotlin/parsing/KotlinParsing$PropertyComponentKind done
Event: 4.688 Executing VM operation: G1CollectForAllocation


Dynamic libraries:
0x00007ff7159b0000 - 0x00007ff7159bd000 	C:\Program Files\Microsoft\jdk-11.0.16.101-hotspot\bin\java.exe
0x00007ff9f0780000 - 0x00007ff9f0989000 	C:\WINDOWS\SYSTEM32\ntdll.dll
0x00007ff9ef620000 - 0x00007ff9ef6de000 	C:\WINDOWS\System32\KERNEL32.DLL
0x00007ff9edd70000 - 0x00007ff9ee0eb000 	C:\WINDOWS\System32\KERNELBASE.dll
0x00007ff9edc50000 - 0x00007ff9edd61000 	C:\WINDOWS\System32\ucrtbase.dll
0x00007ff9c2410000 - 0x00007ff9c2425000 	C:\Program Files\Microsoft\jdk-11.0.16.101-hotspot\bin\VCRUNTIME140.dll
0x00007ff9c2430000 - 0x00007ff9c2447000 	C:\Program Files\Microsoft\jdk-11.0.16.101-hotspot\bin\jli.dll
0x00007ff9efe30000 - 0x00007ff9effdd000 	C:\WINDOWS\System32\USER32.dll
0x00007ff9ca790000 - 0x00007ff9caa35000 	C:\WINDOWS\WinSxS\amd64_microsoft.windows.common-controls_6595b64144ccf1df_6.0.22000.120_none_9d947278b86cc467\COMCTL32.dll
0x00007ff9ee190000 - 0x00007ff9ee1b6000 	C:\WINDOWS\System32\win32u.dll
0x00007ff9efc60000 - 0x00007ff9efd03000 	C:\WINDOWS\System32\msvcrt.dll
0x00007ff9ef5b0000 - 0x00007ff9ef5d9000 	C:\WINDOWS\System32\GDI32.dll
0x00007ff9ee460000 - 0x00007ff9ee578000 	C:\WINDOWS\System32\gdi32full.dll
0x00007ff9ee0f0000 - 0x00007ff9ee18d000 	C:\WINDOWS\System32\msvcp_win.dll
0x00007ff9ef6e0000 - 0x00007ff9ef712000 	C:\WINDOWS\System32\IMM32.DLL
0x00007ff9ef000000 - 0x00007ff9ef05d000 	C:\WINDOWS\System32\SHLWAPI.dll
0x00007ff9eef50000 - 0x00007ff9eeffe000 	C:\WINDOWS\System32\ADVAPI32.dll
0x00007ff9efad0000 - 0x00007ff9efb6e000 	C:\WINDOWS\System32\sechost.dll
0x00007ff9efd10000 - 0x00007ff9efe30000 	C:\WINDOWS\System32\RPCRT4.dll
0x00007ff9b2a50000 - 0x00007ff9b2aeb000 	C:\Program Files\Microsoft\jdk-11.0.16.101-hotspot\bin\msvcp140.dll
0x00007ff926630000 - 0x00007ff9271ba000 	C:\Program Files\Microsoft\jdk-11.0.16.101-hotspot\bin\server\jvm.dll
0x00007ff9ee6f0000 - 0x00007ff9ee6f8000 	C:\WINDOWS\System32\PSAPI.DLL
0x00007ff9ccda0000 - 0x00007ff9ccda9000 	C:\WINDOWS\SYSTEM32\WSOCK32.dll
0x00007ff9efb70000 - 0x00007ff9efbdf000 	C:\WINDOWS\System32\WS2_32.dll
0x00007ff9e4d50000 - 0x00007ff9e4d83000 	C:\WINDOWS\SYSTEM32\WINMM.dll
0x00007ff9e2bb0000 - 0x00007ff9e2bba000 	C:\WINDOWS\SYSTEM32\VERSION.dll
0x00007ff9ecc90000 - 0x00007ff9ecca8000 	C:\WINDOWS\SYSTEM32\kernel.appcore.dll
0x00007ff9d27e0000 - 0x00007ff9d27f0000 	C:\Program Files\Microsoft\jdk-11.0.16.101-hotspot\bin\verify.dll
0x00007ff9eb800000 - 0x00007ff9eba21000 	C:\WINDOWS\SYSTEM32\DBGHELP.DLL
0x00007ff9d4510000 - 0x00007ff9d4541000 	C:\WINDOWS\SYSTEM32\dbgcore.DLL
0x00007ff9ee580000 - 0x00007ff9ee5ff000 	C:\WINDOWS\System32\bcryptPrimitives.dll
0x00007ff9c1f20000 - 0x00007ff9c1f48000 	C:\Program Files\Microsoft\jdk-11.0.16.101-hotspot\bin\java.dll
0x00007ff9d1d00000 - 0x00007ff9d1d0a000 	C:\Program Files\Microsoft\jdk-11.0.16.101-hotspot\bin\jimage.dll
0x00007ff9c1f00000 - 0x00007ff9c1f18000 	C:\Program Files\Microsoft\jdk-11.0.16.101-hotspot\bin\zip.dll
0x00007ff9ee790000 - 0x00007ff9eef47000 	C:\WINDOWS\System32\SHELL32.dll
0x00007ff9ebd00000 - 0x00007ff9ec565000 	C:\WINDOWS\SYSTEM32\windows.storage.dll
0x00007ff9ef150000 - 0x00007ff9ef4c8000 	C:\WINDOWS\System32\combase.dll
0x00007ff9eba30000 - 0x00007ff9ebb96000 	C:\WINDOWS\SYSTEM32\wintypes.dll
0x00007ff9ee600000 - 0x00007ff9ee6ea000 	C:\WINDOWS\System32\SHCORE.dll
0x00007ff9edb80000 - 0x00007ff9edba1000 	C:\WINDOWS\SYSTEM32\profapi.dll
0x00007ff9c1ee0000 - 0x00007ff9c1ef9000 	C:\Program Files\Microsoft\jdk-11.0.16.101-hotspot\bin\net.dll
0x00007ff9e7ef0000 - 0x00007ff9e8004000 	C:\WINDOWS\SYSTEM32\WINHTTP.dll
0x00007ff9ed120000 - 0x00007ff9ed187000 	C:\WINDOWS\system32\mswsock.dll
0x00007ff9b3c30000 - 0x00007ff9b3c43000 	C:\Program Files\Microsoft\jdk-11.0.16.101-hotspot\bin\nio.dll

dbghelp: loaded successfully - version: 4.0.5 - missing functions: none
symbol engine: initialized successfully - sym options: 0x614 - pdb path: .;C:\Program Files\Microsoft\jdk-11.0.16.101-hotspot\bin;C:\WINDOWS\SYSTEM32;C:\WINDOWS\WinSxS\amd64_microsoft.windows.common-controls_6595b64144ccf1df_6.0.22000.120_none_9d947278b86cc467;C:\Program Files\Microsoft\jdk-11.0.16.101-hotspot\bin\server

VM Arguments:
java_command: org.jetbrains.kotlin.cli.jvm.K2JVMCompiler @D:\Sam\RN\eazyBook\node_modules\react-native-gesture-handler\android\build\20230220_4976862402107661799.compiler.options
java_class_path (initial): C:\Users\Dev\.gradle\caches\modules-2\files-2.1\org.jetbrains.kotlin\kotlin-compiler-embeddable\1.6.21\97bdd5a752ce73b58ef16c17bc7f0ea2faff7a2e\kotlin-compiler-embeddable-1.6.21.jar;C:\Users\Dev\.gradle\caches\modules-2\files-2.1\org.jetbrains.kotlin\kotlin-reflect\1.6.21\5dc3574d9b7bebfcb4ec6b10ada4aaa9e140bd0b\kotlin-reflect-1.6.21.jar;C:\Users\Dev\.gradle\caches\modules-2\files-2.1\org.jetbrains.kotlin\kotlin-stdlib\1.6.21\11ef67f1900634fd951bad28c53ec957fabbe5b8\kotlin-stdlib-1.6.21.jar;C:\Users\Dev\.gradle\caches\modules-2\files-2.1\org.jetbrains.kotlin\kotlin-script-runtime\1.6.21\99c6675100da5d6d5b1c5a1032f27f28008d101b\kotlin-script-runtime-1.6.21.jar;C:\Users\Dev\.gradle\caches\modules-2\files-2.1\org.jetbrains.kotlin\kotlin-daemon-embeddable\1.6.21\46b78cf392e1c4f10854c3cadba44abb7b82250f\kotlin-daemon-embeddable-1.6.21.jar;C:\Users\Dev\.gradle\caches\modules-2\files-2.1\org.jetbrains.intellij.deps\trove4j\1.0.20200330\3afb14d5f9ceb459d724e907a21145e8ff394f02\trove4j-1.0.20200330.jar;C:\Users\Dev\.gradle\caches\modules-2\files-2.1\net.java.dev.jna\jna\5.6.0\330f2244e9030119ab3030fc3fededc86713d9cc\jna-5.6.0.jar;C:\Users\Dev\.gradle\caches\modules-2\files-2.1\org.jetbrains.kotlin\kotlin-stdlib-common\1.6.21\5e5b55c26dbc80372a920aef60eb774b714559b8\kotlin-stdlib-common-1.6.21.jar;C:\Users\Dev\.gradle\caches\modules-2\files-2.1\org.jetbrains\annotations\13.0\919f0dfe192fb4e063e7dacadee7f8bb9a2672a9\annotations-13.0.jar
Launcher Type: SUN_STANDARD

[Global flags]
     intx CICompilerCount                          = 4                                         {product} {ergonomic}
     uint ConcGCThreads                            = 2                                         {product} {ergonomic}
     uint G1ConcRefinementThreads                  = 8                                         {product} {ergonomic}
   size_t G1HeapRegionSize                         = 1048576                                   {product} {ergonomic}
    uintx GCDrainStackTargetSize                   = 64                                        {product} {ergonomic}
   size_t InitialHeapSize                          = 130023424                                 {product} {ergonomic}
   size_t MarkStackSize                            = 4194304                                   {product} {ergonomic}
   size_t MaxHeapSize                              = 2078277632                                {product} {ergonomic}
   size_t MaxNewSize                               = 1246756864                                {product} {ergonomic}
   size_t MinHeapDeltaBytes                        = 1048576                                   {product} {ergonomic}
    uintx NonNMethodCodeHeapSize                   = 5836300                                {pd product} {ergonomic}
    uintx NonProfiledCodeHeapSize                  = 122910970                              {pd product} {ergonomic}
    uintx ProfiledCodeHeapSize                     = 122910970                              {pd product} {ergonomic}
    uintx ReservedCodeCacheSize                    = 251658240                              {pd product} {ergonomic}
     bool SegmentedCodeCache                       = true                                      {product} {ergonomic}
     bool UseCompressedClassPointers               = true                                 {lp64_product} {ergonomic}
     bool UseCompressedOops                        = true                                 {lp64_product} {ergonomic}
     bool UseG1GC                                  = true                                      {product} {ergonomic}
     bool UseLargePagesIndividualAllocation        = false                                  {pd product} {ergonomic}

Logging:
Log output configuration:
 #0: stdout all=warning uptime,level,tags
 #1: stderr all=off uptime,level,tags

Environment Variables:
JAVA_HOME=C:\Program Files\Microsoft\jdk-11.0.16.101-hotspot\
CLASSPATH=D:\Sam\RN\eazyBook\android\\gradle\wrapper\gradle-wrapper.jar
PATH=C:\Program Files\Microsoft\jdk-11.0.16.101-hotspot\bin;C:\Python311\Scripts\;C:\Python311\;C:\Program Files (x86)\Common Files\Intel\Shared Libraries\redist\intel64\compiler;C:\Program Files (x86)\Common Files\Oracle\Java\javapath;C:\WINDOWS\system32;C:\WINDOWS;C:\WINDOWS\System32\Wbem;C:\WINDOWS\System32\WindowsPowerShell\v1.0\;C:\WINDOWS\System32\OpenSSH\;C:\Program Files\Git\cmd;C:\laragon\bin\php\php-8.1.10-Win32-vs16-x64;C:\Program Files\nodejs\;C:\ProgramData\chocolatey\bin;C:\xampp\php;C:\composer;C:\Users\Dev\AppData\Local\Microsoft\WindowsApps;C:\Users\Dev\AppData\Local\Programs\Microsoft VS Code\bin;C:\Program Files\JetBrains\PhpStorm 2022.3\bin;;C:\Users\Dev\AppData\Roaming\Composer\vendor\bin;C:\Program Files\Microsoft\jdk-11.0.16.101-hotspot\bin;C:\Users\Dev\AppData\Local\Android\Sdk;C:\Users\Dev\AppData\Local\Android\Sdk\platform-tools;C:\Users\Dev\AppData\Local\Android\Sdk\emulator;C:\Users\Dev\AppData\Local\Android\Sdk\build-tools;C:\Users\Dev\AppData\Roaming\npm
USERNAME=Dev
OS=Windows_NT
PROCESSOR_IDENTIFIER=Intel64 Family 6 Model 140 Stepping 1, GenuineIntel
TMP=C:\Users\Dev\AppData\Local\Temp
TEMP=C:\Users\Dev\AppData\Local\Temp



---------------  S Y S T E M  ---------------

OS: Windows 11 , 64 bit Build 22000 (10.0.22000.1335)
OS uptime: 0 days 3:44 hours
Hyper-V role detected

CPU:total 8 (initial active 8) (4 cores per cpu, 2 threads per core) family 6 model 140 stepping 1 microcode 0xa6, cmov, cx8, fxsr, mmx, sse, sse2, sse3, ssse3, sse4.1, sse4.2, popcnt, avx, avx2, aes, clmul, erms, 3dnowpref, lzcnt, ht, tsc, tscinvbit, bmi1, bmi2, adx, evex, sha, fma

Memory: 4k page, system-wide physical 7920M (227M free)
TotalPageFile size 25736M (AvailPageFile size 29M)
current process WorkingSet (physical memory assigned to process): 208M, peak: 208M
current process commit charge ("private bytes"): 293M, peak: 318M

vm_info: OpenJDK 64-Bit Server VM (11.0.16.1+1-LTS) for windows-amd64 JRE (11.0.16.1+1-LTS), built on Aug 20 2022 20:09:04 by "" with MS VC++ 15.9 (VS2017)

END.
