#
# There is insufficient memory for the Java Runtime Environment to continue.
# Native memory allocation (mmap) failed to map 130023424 bytes for Failed to commit area from 0x0000000084200000 to 0x000000008be00000 of length 130023424.
# Possible reasons:
#   The system is out of physical RAM or swap space
#   The process is running with CompressedOops enabled, and the Java Heap may be blocking the growth of the native heap
# Possible solutions:
#   Reduce memory load on the system
#   Increase physical memory or swap space
#   Check if swap backing store is full
#   Decrease Java heap size (-Xmx/-Xms)
#   Decrease number of Java threads
#   Decrease Java thread stack sizes (-Xss)
#   Set larger code cache with -XX:ReservedCodeCacheSize=
# This output file may be truncated or incomplete.
#
#  Out of Memory Error (./src/hotspot/os/windows/os_windows.cpp:3386), pid=22220, tid=22404
#
# JRE version:  (11.0.16.1+1) (build )
# Java VM: OpenJDK 64-Bit Server VM (11.0.16.1+1-LTS, mixed mode, sharing, tiered, compressed oops, g1 gc, windows-amd64)
# No core dump will be written. Minidumps are not enabled by default on client versions of Windows
#

---------------  S U M M A R Y ------------

Command Line: org.jetbrains.kotlin.cli.jvm.K2JVMCompiler @D:\Sam\RN\eazyBook\node_modules\react-native-safe-area-context\android\build\20230220_6306051014763656945.compiler.options

Host: 11th Gen Intel(R) Core(TM) i5-1135G7 @ 2.40GHz, 8 cores, 7G,  Windows 11 , 64 bit Build 22000 (10.0.22000.1335)
Time: Mon Feb 20 12:53:27 2023 Égypte elapsed time: 0.023696 seconds (0d 0h 0m 0s)

---------------  T H R E A D  ---------------

Current thread (0x00000286fbafa000):  JavaThread "Unknown thread" [_thread_in_vm, id=22404, stack(0x000000a1ccd00000,0x000000a1cce00000)]

Stack: [0x000000a1ccd00000,0x000000a1cce00000]
Native frames: (J=compiled Java code, j=interpreted, Vv=VM code, C=native code)
V  [jvm.dll+0x62652a]
V  [jvm.dll+0x7b3249]
V  [jvm.dll+0x7b4938]
V  [jvm.dll+0x7b5013]
V  [jvm.dll+0x24fca8]
V  [jvm.dll+0x62383a]
V  [jvm.dll+0x617fe5]
V  [jvm.dll+0x307bac]
V  [jvm.dll+0x307a32]
V  [jvm.dll+0x30c746]
V  [jvm.dll+0x352b9f]
V  [jvm.dll+0x3525d0]
V  [jvm.dll+0x2e4ba8]
V  [jvm.dll+0x2e5d06]
V  [jvm.dll+0x78d097]
V  [jvm.dll+0x78e81f]
V  [jvm.dll+0x35f8e9]
V  [jvm.dll+0x770000]
V  [jvm.dll+0x3cd40f]
V  [jvm.dll+0x3cf7a1]
C  [jli.dll+0x5207]
C  [ucrtbase.dll+0x26c0c]
C  [KERNEL32.DLL+0x155a0]
C  [ntdll.dll+0x485b]


---------------  P R O C E S S  ---------------

Threads class SMR info:
_java_thread_list=0x00000286f96629f0, length=0, elements={
}

Java Threads: ( => current thread )

Other Threads:
  0x00000286fbb14800 GCTaskThread "GC Thread#0" [stack: 0x000000a1ccf00000,0x000000a1cd000000] [id=24364]
  0x00000286fbb45000 ConcurrentGCThread "G1 Main Marker" [stack: 0x000000a1cd000000,0x000000a1cd100000] [id=24284]
  0x00000286fbb46800 ConcurrentGCThread "G1 Conc#0" [stack: 0x000000a1cd100000,0x000000a1cd200000] [id=24304]

[error occurred during error reporting (printing all threads), id 0xc0000005, EXCEPTION_ACCESS_VIOLATION (0xc0000005) at pc=0x00007ff926924377]

VM state:not at safepoint (not fully initialized)

VM Mutex/Monitor currently owned by a thread:  ([mutex/lock_event])
[0x00000286fbaf6150] Heap_lock - owner thread: 0x00000286fbafa000

Heap address: 0x0000000084200000, size: 1982 MB, Compressed Oops mode: Non-zero based: 0x0000000084200000
Narrow klass base: 0x0000000000000000, Narrow klass shift: 0

GC Heap History (0 events):
No events

Deoptimization events (0 events):
No events

Classes redefined (0 events):
No events

Internal exceptions (0 events):
No events

Events (1 events):
Event: 0.016 Loaded shared library C:\Program Files\Microsoft\jdk-11.0.16.101-hotspot\bin\zip.dll


Dynamic libraries:
0x00007ff7159b0000 - 0x00007ff7159bd000 	C:\Program Files\Microsoft\jdk-11.0.16.101-hotspot\bin\java.exe
0x00007ff9f0780000 - 0x00007ff9f0989000 	C:\WINDOWS\SYSTEM32\ntdll.dll
0x00007ff9ef620000 - 0x00007ff9ef6de000 	C:\WINDOWS\System32\KERNEL32.DLL
0x00007ff9edd70000 - 0x00007ff9ee0eb000 	C:\WINDOWS\System32\KERNELBASE.dll
0x00007ff9edc50000 - 0x00007ff9edd61000 	C:\WINDOWS\System32\ucrtbase.dll
0x00007ff9c2430000 - 0x00007ff9c2447000 	C:\Program Files\Microsoft\jdk-11.0.16.101-hotspot\bin\jli.dll
0x00007ff9efe30000 - 0x00007ff9effdd000 	C:\WINDOWS\System32\USER32.dll
0x00007ff9ee190000 - 0x00007ff9ee1b6000 	C:\WINDOWS\System32\win32u.dll
0x00007ff9ef5b0000 - 0x00007ff9ef5d9000 	C:\WINDOWS\System32\GDI32.dll
0x00007ff9ee460000 - 0x00007ff9ee578000 	C:\WINDOWS\System32\gdi32full.dll
0x00007ff9ee0f0000 - 0x00007ff9ee18d000 	C:\WINDOWS\System32\msvcp_win.dll
0x00007ff9c2410000 - 0x00007ff9c2425000 	C:\Program Files\Microsoft\jdk-11.0.16.101-hotspot\bin\VCRUNTIME140.dll
0x00007ff9ca790000 - 0x00007ff9caa35000 	C:\WINDOWS\WinSxS\amd64_microsoft.windows.common-controls_6595b64144ccf1df_6.0.22000.120_none_9d947278b86cc467\COMCTL32.dll
0x00007ff9efc60000 - 0x00007ff9efd03000 	C:\WINDOWS\System32\msvcrt.dll
0x00007ff9ef6e0000 - 0x00007ff9ef712000 	C:\WINDOWS\System32\IMM32.DLL
0x00007ff9ef000000 - 0x00007ff9ef05d000 	C:\WINDOWS\System32\SHLWAPI.dll
0x00007ff9eef50000 - 0x00007ff9eeffe000 	C:\WINDOWS\System32\ADVAPI32.dll
0x00007ff9efad0000 - 0x00007ff9efb6e000 	C:\WINDOWS\System32\sechost.dll
0x00007ff9efd10000 - 0x00007ff9efe30000 	C:\WINDOWS\System32\RPCRT4.dll
0x00007ff9b2a50000 - 0x00007ff9b2aeb000 	C:\Program Files\Microsoft\jdk-11.0.16.101-hotspot\bin\msvcp140.dll
0x00007ff926630000 - 0x00007ff9271ba000 	C:\Program Files\Microsoft\jdk-11.0.16.101-hotspot\bin\server\jvm.dll
0x00007ff9ee6f0000 - 0x00007ff9ee6f8000 	C:\WINDOWS\System32\PSAPI.DLL
0x00007ff9ccda0000 - 0x00007ff9ccda9000 	C:\WINDOWS\SYSTEM32\WSOCK32.dll
0x00007ff9efb70000 - 0x00007ff9efbdf000 	C:\WINDOWS\System32\WS2_32.dll
0x00007ff9e2bb0000 - 0x00007ff9e2bba000 	C:\WINDOWS\SYSTEM32\VERSION.dll
0x00007ff9e4d50000 - 0x00007ff9e4d83000 	C:\WINDOWS\SYSTEM32\WINMM.dll
0x00007ff9ecc90000 - 0x00007ff9ecca8000 	C:\WINDOWS\SYSTEM32\kernel.appcore.dll
0x00007ff9d27e0000 - 0x00007ff9d27f0000 	C:\Program Files\Microsoft\jdk-11.0.16.101-hotspot\bin\verify.dll
0x00007ff9eb800000 - 0x00007ff9eba21000 	C:\WINDOWS\SYSTEM32\DBGHELP.DLL
0x00007ff9d4510000 - 0x00007ff9d4541000 	C:\WINDOWS\SYSTEM32\dbgcore.DLL
0x00007ff9ee580000 - 0x00007ff9ee5ff000 	C:\WINDOWS\System32\bcryptPrimitives.dll
0x00007ff9c1f20000 - 0x00007ff9c1f48000 	C:\Program Files\Microsoft\jdk-11.0.16.101-hotspot\bin\java.dll
0x00007ff9d1d00000 - 0x00007ff9d1d0a000 	C:\Program Files\Microsoft\jdk-11.0.16.101-hotspot\bin\jimage.dll
0x00007ff9c1f00000 - 0x00007ff9c1f18000 	C:\Program Files\Microsoft\jdk-11.0.16.101-hotspot\bin\zip.dll

dbghelp: loaded successfully - version: 4.0.5 - missing functions: none
symbol engine: initialized successfully - sym options: 0x614 - pdb path: .;C:\Program Files\Microsoft\jdk-11.0.16.101-hotspot\bin;C:\WINDOWS\SYSTEM32;C:\WINDOWS\WinSxS\amd64_microsoft.windows.common-controls_6595b64144ccf1df_6.0.22000.120_none_9d947278b86cc467;C:\Program Files\Microsoft\jdk-11.0.16.101-hotspot\bin\server

VM Arguments:
java_command: org.jetbrains.kotlin.cli.jvm.K2JVMCompiler @D:\Sam\RN\eazyBook\node_modules\react-native-safe-area-context\android\build\20230220_6306051014763656945.compiler.options
java_class_path (initial): C:\Users\Dev\.gradle\caches\modules-2\files-2.1\org.jetbrains.kotlin\kotlin-compiler-embeddable\1.6.20\18f66cca4301c12893ebe4ef47d65c3d9d2bff9b\kotlin-compiler-embeddable-1.6.20.jar;C:\Users\Dev\.gradle\caches\modules-2\files-2.1\org.jetbrains.kotlin\kotlin-reflect\1.6.20\669965154723f1a712e8677af0cc5470dfdab81c\kotlin-reflect-1.6.20.jar;C:\Users\Dev\.gradle\caches\modules-2\files-2.1\org.jetbrains.kotlin\kotlin-stdlib\1.6.20\6cedc143badbb4f1c6b7f5a340b04edff1743208\kotlin-stdlib-1.6.20.jar;C:\Users\Dev\.gradle\caches\modules-2\files-2.1\org.jetbrains.kotlin\kotlin-script-runtime\1.6.20\a115c367e0fd9c8909293b208689afca0c88a6f1\kotlin-script-runtime-1.6.20.jar;C:\Users\Dev\.gradle\caches\modules-2\files-2.1\org.jetbrains.kotlin\kotlin-daemon-embeddable\1.6.20\d4cac343029f48f106c57f457384771165d7deb5\kotlin-daemon-embeddable-1.6.20.jar;C:\Users\Dev\.gradle\caches\modules-2\files-2.1\org.jetbrains.intellij.deps\trove4j\1.0.20200330\3afb14d5f9ceb459d724e907a21145e8ff394f02\trove4j-1.0.20200330.jar;C:\Users\Dev\.gradle\caches\modules-2\files-2.1\net.java.dev.jna\jna\5.6.0\330f2244e9030119ab3030fc3fededc86713d9cc\jna-5.6.0.jar;C:\Users\Dev\.gradle\caches\modules-2\files-2.1\org.jetbrains.kotlin\kotlin-stdlib-common\1.6.20\27b4562b6713d70f458c6d7ea39aadacb8e6a92b\kotlin-stdlib-common-1.6.20.jar;C:\Users\Dev\.gradle\caches\modules-2\files-2.1\org.jetbrains\annotations\13.0\919f0dfe192fb4e063e7dacadee7f8bb9a2672a9\annotations-13.0.jar
Launcher Type: SUN_STANDARD

[Global flags]
     intx CICompilerCount                          = 4                                         {product} {ergonomic}
     uint ConcGCThreads                            = 2                                         {product} {ergonomic}
     uint G1ConcRefinementThreads                  = 8                                         {product} {ergonomic}
   size_t G1HeapRegionSize                         = 1048576                                   {product} {ergonomic}
    uintx GCDrainStackTargetSize                   = 64                                        {product} {ergonomic}
   size_t InitialHeapSize                          = 130023424                                 {product} {ergonomic}
   size_t MarkStackSize                            = 4194304                                   {product} {ergonomic}
   size_t MaxHeapSize                              = 2078277632                                {product} {ergonomic}
   size_t MinHeapDeltaBytes                        = 1048576                                   {product} {ergonomic}
    uintx NonNMethodCodeHeapSize                   = 5836300                                {pd product} {ergonomic}
    uintx NonProfiledCodeHeapSize                  = 122910970                              {pd product} {ergonomic}
    uintx ProfiledCodeHeapSize                     = 122910970                              {pd product} {ergonomic}
    uintx ReservedCodeCacheSize                    = 251658240                              {pd product} {ergonomic}
     bool SegmentedCodeCache                       = true                                      {product} {ergonomic}
     bool UseCompressedClassPointers               = true                                 {lp64_product} {ergonomic}
     bool UseCompressedOops                        = true                                 {lp64_product} {ergonomic}
     bool UseG1GC                                  = true                                      {product} {ergonomic}
     bool UseLargePagesIndividualAllocation        = false                                  {pd product} {ergonomic}

Logging:
Log output configuration:
 #0: stdout all=warning uptime,level,tags
 #1: stderr all=off uptime,level,tags

Environment Variables:
JAVA_HOME=C:\Program Files\Microsoft\jdk-11.0.16.101-hotspot\
CLASSPATH=D:\Sam\RN\eazyBook\android\\gradle\wrapper\gradle-wrapper.jar
PATH=C:\Program Files\Microsoft\jdk-11.0.16.101-hotspot\bin;C:\Python311\Scripts\;C:\Python311\;C:\Program Files (x86)\Common Files\Intel\Shared Libraries\redist\intel64\compiler;C:\Program Files (x86)\Common Files\Oracle\Java\javapath;C:\WINDOWS\system32;C:\WINDOWS;C:\WINDOWS\System32\Wbem;C:\WINDOWS\System32\WindowsPowerShell\v1.0\;C:\WINDOWS\System32\OpenSSH\;C:\Program Files\Git\cmd;C:\laragon\bin\php\php-8.1.10-Win32-vs16-x64;C:\Program Files\nodejs\;C:\ProgramData\chocolatey\bin;C:\xampp\php;C:\composer;C:\Users\Dev\AppData\Local\Microsoft\WindowsApps;C:\Users\Dev\AppData\Local\Programs\Microsoft VS Code\bin;C:\Program Files\JetBrains\PhpStorm 2022.3\bin;;C:\Users\Dev\AppData\Roaming\Composer\vendor\bin;C:\Program Files\Microsoft\jdk-11.0.16.101-hotspot\bin;C:\Users\Dev\AppData\Local\Android\Sdk;C:\Users\Dev\AppData\Local\Android\Sdk\platform-tools;C:\Users\Dev\AppData\Local\Android\Sdk\emulator;C:\Users\Dev\AppData\Local\Android\Sdk\build-tools;C:\Users\Dev\AppData\Roaming\npm
USERNAME=Dev
OS=Windows_NT
PROCESSOR_IDENTIFIER=Intel64 Family 6 Model 140 Stepping 1, GenuineIntel
TMP=C:\Users\Dev\AppData\Local\Temp
TEMP=C:\Users\Dev\AppData\Local\Temp



---------------  S Y S T E M  ---------------

OS: Windows 11 , 64 bit Build 22000 (10.0.22000.1335)
OS uptime: 0 days 3:44 hours
Hyper-V role detected

CPU:total 8 (initial active 8) (4 cores per cpu, 2 threads per core) family 6 model 140 stepping 1 microcode 0xa6, cmov, cx8, fxsr, mmx, sse, sse2, sse3, ssse3, sse4.1, sse4.2, popcnt, avx, avx2, aes, clmul, erms, 3dnowpref, lzcnt, ht, tsc, tscinvbit, bmi1, bmi2, adx, evex, sha, fma

Memory: 4k page, system-wide physical 7920M (180M free)
TotalPageFile size 25727M (AvailPageFile size 44M)
current process WorkingSet (physical memory assigned to process): 11M, peak: 11M
current process commit charge ("private bytes"): 61M, peak: 184M

vm_info: OpenJDK 64-Bit Server VM (11.0.16.1+1-LTS) for windows-amd64 JRE (11.0.16.1+1-LTS), built on Aug 20 2022 20:09:04 by "" with MS VC++ 15.9 (VS2017)

END.
