#
# There is insufficient memory for the Java Runtime Environment to continue.
# Native memory allocation (malloc) failed to allocate 1048576 bytes for AllocateHeap
# Possible reasons:
#   The system is out of physical RAM or swap space
#   The process is running with CompressedOops enabled, and the Java Heap may be blocking the growth of the native heap
# Possible solutions:
#   Reduce memory load on the system
#   Increase physical memory or swap space
#   Check if swap backing store is full
#   Decrease Java heap size (-Xmx/-Xms)
#   Decrease number of Java threads
#   Decrease Java thread stack sizes (-Xss)
#   Set larger code cache with -XX:ReservedCodeCacheSize=
#   JVM is running with Unscaled Compressed Oops mode in which the Java heap is
#     placed in the first 4GB address space. The Java Heap base address is the
#     maximum limit for the native heap growth. Please use -XX:HeapBaseMinAddress
#     to set the Java Heap base and to place the Java Heap above 4GB virtual address.
# This output file may be truncated or incomplete.
#
#  Out of Memory Error (./src/hotspot/share/memory/allocation.cpp:46), pid=22936, tid=21172
#
# JRE version:  (11.0.16.1+1) (build )
# Java VM: OpenJDK 64-Bit Server VM (11.0.16.1+1-LTS, mixed mode, sharing, tiered, compressed oops, g1 gc, windows-amd64)
# No core dump will be written. Minidumps are not enabled by default on client versions of Windows
#

---------------  S U M M A R Y ------------

Command Line: -Xmx64m -Xms64m -Dorg.gradle.appname=gradlew org.gradle.wrapper.GradleWrapperMain app:installDebug -PreactNativeDevServerPort=8081

Host: 11th Gen Intel(R) Core(TM) i5-1135G7 @ 2.40GHz, 8 cores, 7G,  Windows 11 , 64 bit Build 22000 (10.0.22000.1335)
Time: Mon Feb 20 13:35:16 2023 Égypte elapsed time: 0.049571 seconds (0d 0h 0m 0s)

---------------  T H R E A D  ---------------

Current thread (0x0000022bf4fc4800):  JavaThread "Unknown thread" [_thread_in_vm, id=21172, stack(0x000000516aa00000,0x000000516ab00000)]

Stack: [0x000000516aa00000,0x000000516ab00000]
Native frames: (J=compiled Java code, j=interpreted, Vv=VM code, C=native code)
V  [jvm.dll+0x62652a]
V  [jvm.dll+0x7b3249]
V  [jvm.dll+0x7b4938]
V  [jvm.dll+0x7b5013]
V  [jvm.dll+0x24fca8]
V  [jvm.dll+0xb95f4]
V  [jvm.dll+0x2e0998]
V  [jvm.dll+0x78d087]
V  [jvm.dll+0x78e81f]
V  [jvm.dll+0x35f8e9]
V  [jvm.dll+0x770000]
V  [jvm.dll+0x3cd40f]
V  [jvm.dll+0x3cf7a1]
C  [jli.dll+0x5207]
C  [ucrtbase.dll+0x26c0c]
C  [KERNEL32.DLL+0x155a0]
C  [ntdll.dll+0x485b]


---------------  P R O C E S S  ---------------

Threads class SMR info:
_java_thread_list=0x0000022bf29d59d0, length=0, elements={
}

Java Threads: ( => current thread )

Other Threads:

=>0x0000022bf4fc4800 (exited) JavaThread "Unknown thread" [_thread_in_vm, id=21172, stack(0x000000516aa00000,0x000000516ab00000)]

Threads with active compile tasks:

VM state:not at safepoint (not fully initialized)

VM Mutex/Monitor currently owned by a thread: None


[error occurred during error reporting (printing compressed oops mode), id 0xc0000005, EXCEPTION_ACCESS_VIOLATION (0xc0000005) at pc=0x00007ff926dbde67]

GC Heap History (0 events):
No events

Deoptimization events (0 events):
No events

Classes redefined (0 events):
No events

Internal exceptions (0 events):
No events

Events (1 events):
Event: 0.030 Loaded shared library C:\Program Files\Microsoft\jdk-11.0.16.101-hotspot\bin\zip.dll


Dynamic libraries:
0x00007ff7159b0000 - 0x00007ff7159bd000 	C:\Program Files\Microsoft\jdk-11.0.16.101-hotspot\bin\java.exe
0x00007ff9f0780000 - 0x00007ff9f0989000 	C:\WINDOWS\SYSTEM32\ntdll.dll
0x00007ff9ef620000 - 0x00007ff9ef6de000 	C:\WINDOWS\System32\KERNEL32.DLL
0x00007ff9edd70000 - 0x00007ff9ee0eb000 	C:\WINDOWS\System32\KERNELBASE.dll
0x00007ff9edc50000 - 0x00007ff9edd61000 	C:\WINDOWS\System32\ucrtbase.dll
0x00007ff9c2410000 - 0x00007ff9c2425000 	C:\Program Files\Microsoft\jdk-11.0.16.101-hotspot\bin\VCRUNTIME140.dll
0x00007ff9c2430000 - 0x00007ff9c2447000 	C:\Program Files\Microsoft\jdk-11.0.16.101-hotspot\bin\jli.dll
0x00007ff9efe30000 - 0x00007ff9effdd000 	C:\WINDOWS\System32\USER32.dll
0x00007ff9ca790000 - 0x00007ff9caa35000 	C:\WINDOWS\WinSxS\amd64_microsoft.windows.common-controls_6595b64144ccf1df_6.0.22000.120_none_9d947278b86cc467\COMCTL32.dll
0x00007ff9ee190000 - 0x00007ff9ee1b6000 	C:\WINDOWS\System32\win32u.dll
0x00007ff9ef5b0000 - 0x00007ff9ef5d9000 	C:\WINDOWS\System32\GDI32.dll
0x00007ff9ee460000 - 0x00007ff9ee578000 	C:\WINDOWS\System32\gdi32full.dll
0x00007ff9efc60000 - 0x00007ff9efd03000 	C:\WINDOWS\System32\msvcrt.dll
0x00007ff9ee0f0000 - 0x00007ff9ee18d000 	C:\WINDOWS\System32\msvcp_win.dll
0x00007ff9ef6e0000 - 0x00007ff9ef712000 	C:\WINDOWS\System32\IMM32.DLL
0x00007ff9ef000000 - 0x00007ff9ef05d000 	C:\WINDOWS\System32\SHLWAPI.dll
0x00007ff9eef50000 - 0x00007ff9eeffe000 	C:\WINDOWS\System32\ADVAPI32.dll
0x00007ff9efad0000 - 0x00007ff9efb6e000 	C:\WINDOWS\System32\sechost.dll
0x00007ff9efd10000 - 0x00007ff9efe30000 	C:\WINDOWS\System32\RPCRT4.dll
0x00007ff9b2a50000 - 0x00007ff9b2aeb000 	C:\Program Files\Microsoft\jdk-11.0.16.101-hotspot\bin\msvcp140.dll
0x00007ff926630000 - 0x00007ff9271ba000 	C:\Program Files\Microsoft\jdk-11.0.16.101-hotspot\bin\server\jvm.dll
0x00007ff9ee6f0000 - 0x00007ff9ee6f8000 	C:\WINDOWS\System32\PSAPI.DLL
0x00007ff9e4d50000 - 0x00007ff9e4d83000 	C:\WINDOWS\SYSTEM32\WINMM.dll
0x00007ff9e2bb0000 - 0x00007ff9e2bba000 	C:\WINDOWS\SYSTEM32\VERSION.dll
0x00007ff9ccda0000 - 0x00007ff9ccda9000 	C:\WINDOWS\SYSTEM32\WSOCK32.dll
0x00007ff9efb70000 - 0x00007ff9efbdf000 	C:\WINDOWS\System32\WS2_32.dll
0x00007ff9ecc90000 - 0x00007ff9ecca8000 	C:\WINDOWS\SYSTEM32\kernel.appcore.dll
0x00007ff9d27e0000 - 0x00007ff9d27f0000 	C:\Program Files\Microsoft\jdk-11.0.16.101-hotspot\bin\verify.dll
0x00007ff9eb800000 - 0x00007ff9eba21000 	C:\WINDOWS\SYSTEM32\DBGHELP.DLL
0x00007ff9d4510000 - 0x00007ff9d4541000 	C:\WINDOWS\SYSTEM32\dbgcore.DLL
0x00007ff9ee580000 - 0x00007ff9ee5ff000 	C:\WINDOWS\System32\bcryptPrimitives.dll
0x00007ff9c1f20000 - 0x00007ff9c1f48000 	C:\Program Files\Microsoft\jdk-11.0.16.101-hotspot\bin\java.dll
0x00007ff9d1d00000 - 0x00007ff9d1d0a000 	C:\Program Files\Microsoft\jdk-11.0.16.101-hotspot\bin\jimage.dll
0x00007ff9c1f00000 - 0x00007ff9c1f18000 	C:\Program Files\Microsoft\jdk-11.0.16.101-hotspot\bin\zip.dll

dbghelp: loaded successfully - version: 4.0.5 - missing functions: none
symbol engine: initialized successfully - sym options: 0x614 - pdb path: .;C:\Program Files\Microsoft\jdk-11.0.16.101-hotspot\bin;C:\WINDOWS\SYSTEM32;C:\WINDOWS\WinSxS\amd64_microsoft.windows.common-controls_6595b64144ccf1df_6.0.22000.120_none_9d947278b86cc467;C:\Program Files\Microsoft\jdk-11.0.16.101-hotspot\bin\server

VM Arguments:
jvm_args: -Xmx64m -Xms64m -Dorg.gradle.appname=gradlew 
java_command: org.gradle.wrapper.GradleWrapperMain app:installDebug -PreactNativeDevServerPort=8081
java_class_path (initial): D:\Sam\RN\eazyBook\android\\gradle\wrapper\gradle-wrapper.jar
Launcher Type: SUN_STANDARD

[Global flags]
     intx CICompilerCount                          = 4                                         {product} {ergonomic}
     uint G1ConcRefinementThreads                  = 8                                         {product} {ergonomic}
   size_t G1HeapRegionSize                         = 1048576                                   {product} {ergonomic}
    uintx GCDrainStackTargetSize                   = 64                                        {product} {ergonomic}
   size_t InitialHeapSize                          = 67108864                                  {product} {command line}
   size_t MaxHeapSize                              = 67108864                                  {product} {command line}
   size_t MinHeapDeltaBytes                        = 1048576                                   {product} {ergonomic}
    uintx NonNMethodCodeHeapSize                   = 5836300                                {pd product} {ergonomic}
    uintx NonProfiledCodeHeapSize                  = 122910970                              {pd product} {ergonomic}
    uintx ProfiledCodeHeapSize                     = 122910970                              {pd product} {ergonomic}
    uintx ReservedCodeCacheSize                    = 251658240                              {pd product} {ergonomic}
     bool SegmentedCodeCache                       = true                                      {product} {ergonomic}
     bool UseCompressedClassPointers               = true                                 {lp64_product} {ergonomic}
     bool UseCompressedOops                        = true                                 {lp64_product} {ergonomic}
     bool UseG1GC                                  = true                                      {product} {ergonomic}
     bool UseLargePagesIndividualAllocation        = false                                  {pd product} {ergonomic}

Logging:
Log output configuration:
 #0: stdout all=warning uptime,level,tags
 #1: stderr all=off uptime,level,tags

Environment Variables:
JAVA_HOME=C:\Program Files\Microsoft\jdk-11.0.16.101-hotspot\
CLASSPATH=D:\Sam\RN\eazyBook\android\\gradle\wrapper\gradle-wrapper.jar
PATH=D:\Sam\RN\eazyBook\android\node_modules\.bin;D:\Sam\RN\eazyBook\node_modules\.bin;D:\Sam\RN\node_modules\.bin;D:\Sam\node_modules\.bin;D:\node_modules\.bin;C:\Program Files\nodejs;C:\Users\Dev\AppData\Local\Temp\yarn--1676892912165-0.4453994253935927;D:\Sam\RN\eazyBook\node_modules\.bin;C:\Users\Dev\AppData\Local\Yarn\Data\link\node_modules\.bin;C:\Users\Dev\AppData\Local\Yarn\bin;C:\Program Files\libexec\lib\node_modules\npm\bin\node-gyp-bin;C:\Program Files\lib\node_modules\npm\bin\node-gyp-bin;C:\Program Files\nodejs\node_modules\npm\bin\node-gyp-bin;C:\Program Files\Microsoft\jdk-11.0.16.101-hotspot\bin;C:\Python311\Scripts\;C:\Python311\;C:\Program Files (x86)\Common Files\Intel\Shared Libraries\redist\intel64\compiler;C:\Program Files (x86)\Common Files\Oracle\Java\javapath;C:\WINDOWS\system32;C:\WINDOWS;C:\WINDOWS\System32\Wbem;C:\WINDOWS\System32\WindowsPowerShell\v1.0\;C:\WINDOWS\System32\OpenSSH\;C:\Program Files\Git\cmd;C:\laragon\bin\php\php-8.1.10-Win32-vs16-x64;C:\Program Files\nodejs\;C:\ProgramData\chocolatey\bin;C:\xampp\php;C:\composer;C:\Users\Dev\AppData\Local\Microsoft\WindowsApps;C:\Users\Dev\AppData\Local\Programs\Microsoft VS Code\bin;C:\Program Files\JetBrains\PhpStorm 2022.3\bin;;C:\Users\Dev\AppData\Roaming\Composer\vendor\bin;C:\Program Files\Microsoft\jdk-11.0.16.101-hotspot\bin;C:\Users\Dev\AppData\Local\Android\Sdk;C:\Users\Dev\AppData\Local\Android\Sdk\platform-tools;C:\Users\Dev\AppData\Local\Android\Sdk\emulator;C:\Users\Dev\AppData\Local\Android\Sdk\build-tools;C:\Users\Dev\AppData\Roaming\npm
USERNAME=Dev
OS=Windows_NT
PROCESSOR_IDENTIFIER=Intel64 Family 6 Model 140 Stepping 1, GenuineIntel
TMP=C:\Users\Dev\AppData\Local\Temp
TEMP=C:\Users\Dev\AppData\Local\Temp



---------------  S Y S T E M  ---------------

OS: Windows 11 , 64 bit Build 22000 (10.0.22000.1335)
OS uptime: 0 days 4:26 hours
Hyper-V role detected

CPU:total 8 (initial active 8) (4 cores per cpu, 2 threads per core) family 6 model 140 stepping 1 microcode 0xa6, cmov, cx8, fxsr, mmx, sse, sse2, sse3, ssse3, sse4.1, sse4.2, popcnt, avx, avx2, aes, clmul, erms, 3dnowpref, lzcnt, ht, tsc, tscinvbit, bmi1, bmi2, adx, evex, sha, fma

Memory: 4k page, system-wide physical 7920M (203M free)
TotalPageFile size 25736M (AvailPageFile size 2M)
current process WorkingSet (physical memory assigned to process): 10M, peak: 10M
current process commit charge ("private bytes"): 18M, peak: 19M

vm_info: OpenJDK 64-Bit Server VM (11.0.16.1+1-LTS) for windows-amd64 JRE (11.0.16.1+1-LTS), built on Aug 20 2022 20:09:04 by "" with MS VC++ 15.9 (VS2017)

END.
